-------------------------------------------------------------------------------
Test set: tests.API.ReqresTest
-------------------------------------------------------------------------------
Tests run: 3, Failures: 0, Errors: 1, Skipped: 0, Time elapsed: 4.489 s <<< FAILURE! - in tests.API.ReqresTest
tests.API.ReqresTest.checkSuccesReg  Time elapsed: 3.066 s  <<< ERROR!
com.fasterxml.jackson.databind.exc.InvalidDefinitionException: 
Cannot construct instance of `api.data.SuccessReg` (no Creators, like default construct, exist): cannot deserialize from Object value (no delegate- or property-based Creator)
 at [Source: (String)"{"id":4,"token":"QpwL5tke4Pnpja7X4"}"; line: 1, column: 2]
	at tests.API.ReqresTest.checkSuccesReg(ReqresTest.java:13)

