<?xml version="1.0" encoding="UTF-8"?>
<testsuite xmlns:xsi="http://www.w3.org/2001/XMLSchema-instance" xsi:noNamespaceSchemaLocation="https://maven.apache.org/surefire/maven-surefire-plugin/xsd/surefire-test-report-3.0.xsd" version="3.0" name="tests.API.ReqresTest" time="8.17" tests="8" errors="0" skipped="0" failures="0">
  <properties>
[...]
</properties>
  <testcase name="checkSuccesReg" classname="tests.API.ReqresTest" time="4.604">
    <system-out><![CDATA[HTTP/1.1 200 OK
Date: Tue, 23 Nov 2021 20:46:06 GMT
Content-Type: application/json; charset=utf-8
Content-Length: 36
Connection: keep-alive
x-powered-by: Express
access-control-allow-origin: *
etag: W/"24-4iP0za1geN2he+ohu8F0FhCjLks"
via: 1.1 vegur
CF-Cache-Status: DYNAMIC
Expect-CT: max-age=604800, report-uri="https://report-uri.cloudflare.com/cdn-cgi/beacon/expect-ct"
Report-To: {"endpoints":[{"url":"https:\/\/a.nel.cloudflare.com\/report\/v3?s=cV%2F4ZejrGV5u1W5LFUe3zMA7GfCgbrHGIeymhUv9wcEFDmVjsc16C7o6YqIAY0MOZlV7I600GiAA9YufVQ01ClJbEUCta1r69Cp9VoidThlJlz1VY4G89eLClBM%3D"}],"group":"cf-nel","max_age":604800}
NEL: {"success_fraction":0,"report_to":"cf-nel","max_age":604800}
Server: cloudflare
CF-RAY: 6b2d3eb69ee877bb-KBP
alt-svc: h3=":443"; ma=86400, h3-29=":443"; ma=86400, h3-28=":443"; ma=86400, h3-27=":443"; ma=86400

{
    "id": 4,
    "token": "QpwL5tke4Pnpja7X4"
}
]]></system-out>
  </testcase>
  <testcase name="checkUnsuccessReg" classname="tests.API.ReqresTest" time="0.333">
    <system-out><![CDATA[HTTP/1.1 400 Bad Request
Date: Tue, 23 Nov 2021 20:46:07 GMT
Content-Type: application/json; charset=utf-8
Content-Length: 28
Connection: keep-alive
x-powered-by: Express
access-control-allow-origin: *
etag: W/"1c-NmpazMScs9tOqR7eDEesn+pqC9Q"
via: 1.1 vegur
CF-Cache-Status: DYNAMIC
Expect-CT: max-age=604800, report-uri="https://report-uri.cloudflare.com/cdn-cgi/beacon/expect-ct"
Report-To: {"endpoints":[{"url":"https:\/\/a.nel.cloudflare.com\/report\/v3?s=Ede3RsR2eZvdmxFbkb5tDBNc0a6xfHBDqerHlF0hA3NbWim%2By3%2FbNoL7hrj28GbVtYtZZ7QJymf43d8om0kmWErMsWuxMhdLGVoNOq%2B5WgYzLc%2BTFEBjwjvQAAE%3D"}],"group":"cf-nel","max_age":604800}
NEL: {"success_fraction":0,"report_to":"cf-nel","max_age":604800}
Server: cloudflare
CF-RAY: 6b2d3ebccd362d67-KBP
alt-svc: h3=":443"; ma=86400, h3-29=":443"; ma=86400, h3-28=":443"; ma=86400, h3-27=":443"; ma=86400

{
    "error": "Missing password"
}
]]></system-out>
  </testcase>
  <testcase name="checkCreationUser" classname="tests.API.ReqresTest" time="0.331">
    <system-out><![CDATA[HTTP/1.1 201 Created
Date: Tue, 23 Nov 2021 20:46:07 GMT
Content-Type: application/json; charset=utf-8
Content-Length: 84
Connection: keep-alive
x-powered-by: Express
access-control-allow-origin: *
etag: W/"54-KZejy71/jtjBO45l/v2Si+vfnlY"
via: 1.1 vegur
CF-Cache-Status: DYNAMIC
Expect-CT: max-age=604800, report-uri="https://report-uri.cloudflare.com/cdn-cgi/beacon/expect-ct"
Report-To: {"endpoints":[{"url":"https:\/\/a.nel.cloudflare.com\/report\/v3?s=ueaNzIfS%2BLko%2FWGCX2G6w00V4JuQpCmrTyXGNvuu0ghBc%2BeAtqLCSSVc1SjL0ND%2BDX7pd7%2FicSpC8r2XtEgQl5gas01aw2wDdBrze%2BH0TY78zYHhqEQg4bbfUF0%3D"}],"group":"cf-nel","max_age":604800}
NEL: {"success_fraction":0,"report_to":"cf-nel","max_age":604800}
Server: cloudflare
CF-RAY: 6b2d3ebeeff677b5-KBP
alt-svc: h3=":443"; ma=86400, h3-29=":443"; ma=86400, h3-28=":443"; ma=86400, h3-27=":443"; ma=86400

{
    "name": "morpheus",
    "job": "leader",
    "id": "147",
    "createdAt": "2021-11-23T20:46:07.352Z"
}
]]></system-out>
  </testcase>
  <testcase name="checkUserNameAndAvatar" classname="tests.API.ReqresTest" time="1.669">
    <system-out><![CDATA[HTTP/1.1 200 OK
Date: Tue, 23 Nov 2021 20:46:07 GMT
Content-Type: application/json; charset=utf-8
Transfer-Encoding: chunked
Connection: keep-alive
x-powered-by: Express
access-control-allow-origin: *
etag: W/"406-ut0vzoCuidvyMf8arZpMpJ6ZRDw"
via: 1.1 vegur
Cache-Control: max-age=14400
CF-Cache-Status: HIT
Age: 678
Expect-CT: max-age=604800, report-uri="https://report-uri.cloudflare.com/cdn-cgi/beacon/expect-ct"
Report-To: {"endpoints":[{"url":"https:\/\/a.nel.cloudflare.com\/report\/v3?s=6Iry1aRDW3Ql7JKGFHA2E4Q9mXa7ea9Ix1DaEx7ySPMdG84MqfTnY01EfXHIYSmQDXKdV7uZ%2BasuI9jAthOzbHsgcAjuLAYXnMUyRQ0XN0CQ6vZYQ8WIyb3yAxc%3D"}],"group":"cf-nel","max_age":604800}
NEL: {"success_fraction":0,"report_to":"cf-nel","max_age":604800}
Vary: Accept-Encoding
Server: cloudflare
CF-RAY: 6b2d3ec1a83b24aa-KBP
Content-Encoding: gzip
alt-svc: h3=":443"; ma=86400, h3-29=":443"; ma=86400, h3-28=":443"; ma=86400, h3-27=":443"; ma=86400

{
    "page": 2,
    "per_page": 6,
    "total": 12,
    "total_pages": 2,
    "data": [
        {
            "id": 7,
            "email": "michael.lawson@reqres.in",
            "first_name": "Michael",
            "last_name": "Lawson",
            "avatar": "https://reqres.in/img/faces/7-image.jpg"
        },
        {
            "id": 8,
            "email": "lindsay.ferguson@reqres.in",
            "first_name": "Lindsay",
            "last_name": "Ferguson",
            "avatar": "https://reqres.in/img/faces/8-image.jpg"
        },
        {
            "id": 9,
            "email": "tobias.funke@reqres.in",
            "first_name": "Tobias",
            "last_name": "Funke",
            "avatar": "https://reqres.in/img/faces/9-image.jpg"
        },
        {
            "id": 10,
            "email": "byron.fields@reqres.in",
            "first_name": "Byron",
            "last_name": "Fields",
            "avatar": "https://reqres.in/img/faces/10-image.jpg"
        },
        {
            "id": 11,
            "email": "george.edwards@reqres.in",
            "first_name": "George",
            "last_name": "Edwards",
            "avatar": "https://reqres.in/img/faces/11-image.jpg"
        },
        {
            "id": 12,
            "email": "rachel.howell@reqres.in",
            "first_name": "Rachel",
            "last_name": "Howell",
            "avatar": "https://reqres.in/img/faces/12-image.jpg"
        }
    ],
    "support": {
        "url": "https://reqres.in/#support-heading",
        "text": "To keep ReqRes free, contributions towards server costs are appreciated!"
    }
}
]]></system-out>
  </testcase>
  <testcase name="checkSortedYears" classname="tests.API.ReqresTest" time="0.201">
    <system-out><![CDATA[HTTP/1.1 200 OK
Date: Tue, 23 Nov 2021 20:46:09 GMT
Content-Type: application/json; charset=utf-8
Transfer-Encoding: chunked
Connection: keep-alive
x-powered-by: Express
access-control-allow-origin: *
etag: W/"2c1-N6Rqerxquq2kgQhL51EiSg4x0R8"
via: 1.1 vegur
Cache-Control: max-age=14400
CF-Cache-Status: HIT
Age: 78
Expect-CT: max-age=604800, report-uri="https://report-uri.cloudflare.com/cdn-cgi/beacon/expect-ct"
Report-To: {"endpoints":[{"url":"https:\/\/a.nel.cloudflare.com\/report\/v3?s=%2BroirhXs4EJTDd5kEmMDcyPOrf9homY6rjNm%2Bl4RnJwlCK3JQLImDdIoYEOQhK3p%2Bt7lLb%2FL31q%2BP4eyKTbhjNpSGQuVy%2ByN%2BF7xPtNpUoVtIV0uS4Dlc34q8Z4%3D"}],"group":"cf-nel","max_age":604800}
NEL: {"success_fraction":0,"report_to":"cf-nel","max_age":604800}
Vary: Accept-Encoding
Server: cloudflare
CF-RAY: 6b2d3ecb894624aa-KBP
Content-Encoding: gzip
alt-svc: h3=":443"; ma=86400, h3-29=":443"; ma=86400, h3-28=":443"; ma=86400, h3-27=":443"; ma=86400

{
    "page": 1,
    "per_page": 6,
    "total": 12,
    "total_pages": 2,
    "data": [
        {
            "id": 1,
            "name": "cerulean",
            "year": 2000,
            "color": "#98B2D1",
            "pantone_value": "15-4020"
        },
        {
            "id": 2,
            "name": "fuchsia rose",
            "year": 2001,
            "color": "#C74375",
            "pantone_value": "17-2031"
        },
        {
            "id": 3,
            "name": "true red",
            "year": 2002,
            "color": "#BF1932",
            "pantone_value": "19-1664"
        },
        {
            "id": 4,
            "name": "aqua sky",
            "year": 2003,
            "color": "#7BC4C4",
            "pantone_value": "14-4811"
        },
        {
            "id": 5,
            "name": "tigerlily",
            "year": 2004,
            "color": "#E2583E",
            "pantone_value": "17-1456"
        },
        {
            "id": 6,
            "name": "blue turquoise",
            "year": 2005,
            "color": "#53B0AE",
            "pantone_value": "15-5217"
        }
    ],
    "support": {
        "url": "https://reqres.in/#support-heading",
        "text": "To keep ReqRes free, contributions towards server costs are appreciated!"
    }
}
]]></system-out>
  </testcase>
  <testcase name="checkDeletingUser" classname="tests.API.ReqresTest" time="0.316">
    <system-out><![CDATA[HTTP/1.1 204 No Content
Date: Tue, 23 Nov 2021 20:46:09 GMT
Content-Length: 0
Connection: keep-alive
x-powered-by: Express
access-control-allow-origin: *
etag: W/"2-vyGp6PvFo4RvsFtPoIWeCReyIC8"
via: 1.1 vegur
CF-Cache-Status: DYNAMIC
Expect-CT: max-age=604800, report-uri="https://report-uri.cloudflare.com/cdn-cgi/beacon/expect-ct"
Report-To: {"endpoints":[{"url":"https:\/\/a.nel.cloudflare.com\/report\/v3?s=WEaRQnoL11RtdRxupSKck6SuUFL9zeP7SY3j4ea7b2FWoulDp5HBivEgF6VECn7Q8o%2BGhKYNj%2B5pBUdHhQ5rCvMsyMFwsXQak7DkVyaq9GFmk8aqTLytKlULh%2Bs%3D"}],"group":"cf-nel","max_age":604800}
NEL: {"success_fraction":0,"report_to":"cf-nel","max_age":604800}
Server: cloudflare
CF-RAY: 6b2d3ecd1a0e77a4-KBP
alt-svc: h3=":443"; ma=86400, h3-29=":443"; ma=86400, h3-28=":443"; ma=86400, h3-27=":443"; ma=86400
]]></system-out>
  </testcase>
  <testcase name="checkUpdateUser" classname="tests.API.ReqresTest" time="0.23">
    <system-out><![CDATA[HTTP/1.1 200 OK
Date: Tue, 23 Nov 2021 20:46:09 GMT
Content-Type: application/json; charset=utf-8
Transfer-Encoding: chunked
Connection: keep-alive
x-powered-by: Express
access-control-allow-origin: *
etag: W/"50-yCKRc1HAMOt1AOZdJlXz16DXklU"
via: 1.1 vegur
CF-Cache-Status: DYNAMIC
Expect-CT: max-age=604800, report-uri="https://report-uri.cloudflare.com/cdn-cgi/beacon/expect-ct"
Report-To: {"endpoints":[{"url":"https:\/\/a.nel.cloudflare.com\/report\/v3?s=jl2oJJD%2F8nITZ%2B%2FYt5yaMqyl9RvIX1Lurp8TV%2Bx0hcBjzf6ShMKYxIxRocAANXaISHXkEa2Tpbd1lXR%2BaodvdKkPafS4GoegqgMZ%2FNyUuptXIvyV7CoN4cQIXrk%3D"}],"group":"cf-nel","max_age":604800}
NEL: {"success_fraction":0,"report_to":"cf-nel","max_age":604800}
Vary: Accept-Encoding
Server: cloudflare
CF-RAY: 6b2d3ece9ccf2301-KBP
Content-Encoding: gzip
alt-svc: h3=":443"; ma=86400, h3-29=":443"; ma=86400, h3-28=":443"; ma=86400, h3-27=":443"; ma=86400

{
    "name": "morpheus",
    "job": "zion resident",
    "updatedAt": "2021-11-23T20:46:09.788Z"
}
]]></system-out>
  </testcase>
  <testcase name="checkSingleUserNotFound" classname="tests.API.ReqresTest" time="0.295">
    <system-out><![CDATA[HTTP/1.1 204 No Content
Date: Tue, 23 Nov 2021 20:46:10 GMT
Content-Length: 0
Connection: keep-alive
x-powered-by: Express
access-control-allow-origin: *
etag: W/"2-vyGp6PvFo4RvsFtPoIWeCReyIC8"
via: 1.1 vegur
CF-Cache-Status: DYNAMIC
Expect-CT: max-age=604800, report-uri="https://report-uri.cloudflare.com/cdn-cgi/beacon/expect-ct"
Report-To: {"endpoints":[{"url":"https:\/\/a.nel.cloudflare.com\/report\/v3?s=i8F16rPxZHmvIi2%2BFyw%2FX5aDaXcdTfowr6ZIh5YysAuiJlP5qWICjD1EtskO1q8z8QQ6LmztI2XTB6wWPMHXlczP1%2BjT44%2BhUE2W8waH5ZaQo%2FUU2NYGH7gXPFI%3D"}],"group":"cf-nel","max_age":604800}
NEL: {"success_fraction":0,"report_to":"cf-nel","max_age":604800}
Server: cloudflare
CF-RAY: 6b2d3ed08cca77c1-KBP
alt-svc: h3=":443"; ma=86400, h3-29=":443"; ma=86400, h3-28=":443"; ma=86400, h3-27=":443"; ma=86400
]]></system-out>
  </testcase>
</testsuite>