<?xml version="1.0" encoding="UTF-8"?>
<testsuite xmlns:xsi="http://www.w3.org/2001/XMLSchema-instance" xsi:noNamespaceSchemaLocation="https://maven.apache.org/surefire/maven-surefire-plugin/xsd/surefire-test-report-3.0.xsd" version="3.0" name="tests.API.ReqresTest" time="6.583" tests="8" errors="1" skipped="0" failures="0">
  <properties>
[...]
</properties>
  <testcase name="checkSuccesReg" classname="tests.API.ReqresTest" time="3.477">
    <error type="com.fasterxml.jackson.databind.exc.InvalidDefinitionException"><![CDATA[com.fasterxml.jackson.databind.exc.InvalidDefinitionException: 
Cannot construct instance of `api.data.SuccessReg` (no Creators, like default construct, exist): cannot deserialize from Object value (no delegate- or property-based Creator)
 at [Source: (String)"{"id":4,"token":"QpwL5tke4Pnpja7X4"}"; line: 1, column: 2]
	at tests.API.ReqresTest.checkSuccesReg(ReqresTest.java:13)
]]></error>
    <system-out><![CDATA[HTTP/1.1 200 OK
Date: Tue, 23 Nov 2021 11:54:10 GMT
Content-Type: application/json; charset=utf-8
Content-Length: 36
Connection: keep-alive
x-powered-by: Express
access-control-allow-origin: *
etag: W/"24-4iP0za1geN2he+ohu8F0FhCjLks"
via: 1.1 vegur
CF-Cache-Status: DYNAMIC
Expect-CT: max-age=604800, report-uri="https://report-uri.cloudflare.com/cdn-cgi/beacon/expect-ct"
Report-To: {"endpoints":[{"url":"https:\/\/a.nel.cloudflare.com\/report\/v3?s=62ih2b8NCLQjj%2Fa7TOVzP8HRTwN%2BaCh29JjC%2F9pCEfniYpgJ9Vy54BBB4BtYPhUWx90K301u7jaTDLvbfmPgTcydJFp3V3EGJ21AdG8wtlLs94nqRNjFpXwBMBQ%3D"}],"group":"cf-nel","max_age":604800}
NEL: {"success_fraction":0,"report_to":"cf-nel","max_age":604800}
Server: cloudflare
CF-RAY: 6b2a3387f9e32de7-DME
alt-svc: h3=":443"; ma=86400, h3-29=":443"; ma=86400, h3-28=":443"; ma=86400, h3-27=":443"; ma=86400

{
    "id": 4,
    "token": "QpwL5tke4Pnpja7X4"
}
]]></system-out>
  </testcase>
  <testcase name="checkUnsuccessReg" classname="tests.API.ReqresTest" time="0.283">
    <system-out><![CDATA[HTTP/1.1 400 Bad Request
Date: Tue, 23 Nov 2021 11:54:11 GMT
Content-Type: application/json; charset=utf-8
Content-Length: 28
Connection: keep-alive
x-powered-by: Express
access-control-allow-origin: *
etag: W/"1c-NmpazMScs9tOqR7eDEesn+pqC9Q"
via: 1.1 vegur
CF-Cache-Status: DYNAMIC
Expect-CT: max-age=604800, report-uri="https://report-uri.cloudflare.com/cdn-cgi/beacon/expect-ct"
Report-To: {"endpoints":[{"url":"https:\/\/a.nel.cloudflare.com\/report\/v3?s=EtQuPFZkmFhmXaqra7Asoxvy3p7ThnJXHqSH3PY0579UIeE%2BdhjHkWmBHzopf9f6MpncqxRz5VXKzcwG24%2B2nGYXhcOsgjrH8m5YE4Zckwt9VHfVaWM1QxDJnRE%3D"}],"group":"cf-nel","max_age":604800}
NEL: {"success_fraction":0,"report_to":"cf-nel","max_age":604800}
Server: cloudflare
CF-RAY: 6b2a338daa6816ab-DME
alt-svc: h3=":443"; ma=86400, h3-29=":443"; ma=86400, h3-28=":443"; ma=86400, h3-27=":443"; ma=86400

{
    "error": "Missing password"
}
]]></system-out>
  </testcase>
  <testcase name="checkCreationUser" classname="tests.API.ReqresTest" time="0.28">
    <system-out><![CDATA[HTTP/1.1 201 Created
Date: Tue, 23 Nov 2021 11:54:11 GMT
Content-Type: application/json; charset=utf-8
Content-Length: 84
Connection: keep-alive
x-powered-by: Express
access-control-allow-origin: *
etag: W/"54-wrobvItOYsAZ8rG4Od6jCn+DFOk"
via: 1.1 vegur
CF-Cache-Status: DYNAMIC
Expect-CT: max-age=604800, report-uri="https://report-uri.cloudflare.com/cdn-cgi/beacon/expect-ct"
Report-To: {"endpoints":[{"url":"https:\/\/a.nel.cloudflare.com\/report\/v3?s=4NOhcpLG%2FUhdaaxa1YJHUwTg1ba5pAQMN3UrY54oC85z2aTEr%2BCREXgNbCzcwS9vCJIDMEVoAJWDzC8jZo4fGDbj4o65TRuefTXnwgBSy5q%2Bq8a%2FRewkvksaS%2FA%3D"}],"group":"cf-nel","max_age":604800}
NEL: {"success_fraction":0,"report_to":"cf-nel","max_age":604800}
Server: cloudflare
CF-RAY: 6b2a338f88c6165a-DME
alt-svc: h3=":443"; ma=86400, h3-29=":443"; ma=86400, h3-28=":443"; ma=86400, h3-27=":443"; ma=86400

{
    "name": "morpheus",
    "job": "leader",
    "id": "643",
    "createdAt": "2021-11-23T11:54:11.866Z"
}
]]></system-out>
  </testcase>
  <testcase name="checkUserNameAndAvatar" classname="tests.API.ReqresTest" time="1.147">
    <system-out><![CDATA[HTTP/1.1 200 OK
Date: Tue, 23 Nov 2021 11:54:12 GMT
Content-Type: application/json; charset=utf-8
Transfer-Encoding: chunked
Connection: keep-alive
x-powered-by: Express
access-control-allow-origin: *
etag: W/"406-ut0vzoCuidvyMf8arZpMpJ6ZRDw"
via: 1.1 vegur
Cache-Control: max-age=14400
CF-Cache-Status: HIT
Age: 3552
Expect-CT: max-age=604800, report-uri="https://report-uri.cloudflare.com/cdn-cgi/beacon/expect-ct"
Report-To: {"endpoints":[{"url":"https:\/\/a.nel.cloudflare.com\/report\/v3?s=k1CvCkdxd5jBVxm93XaaGZDuaAR5faSbZoCh8YYPdICiyo7C0liNb1KXL0b3tYxbGtNfD9NjKD23qGpRf3BpYrWrRGnUsZmhNF7nJfyQ2yRWLiruMw2koENDTVo%3D"}],"group":"cf-nel","max_age":604800}
NEL: {"success_fraction":0,"report_to":"cf-nel","max_age":604800}
Vary: Accept-Encoding
Server: cloudflare
CF-RAY: 6b2a33924c60498d-DME
Content-Encoding: gzip
alt-svc: h3=":443"; ma=86400, h3-29=":443"; ma=86400, h3-28=":443"; ma=86400, h3-27=":443"; ma=86400

{
    "page": 2,
    "per_page": 6,
    "total": 12,
    "total_pages": 2,
    "data": [
        {
            "id": 7,
            "email": "michael.lawson@reqres.in",
            "first_name": "Michael",
            "last_name": "Lawson",
            "avatar": "https://reqres.in/img/faces/7-image.jpg"
        },
        {
            "id": 8,
            "email": "lindsay.ferguson@reqres.in",
            "first_name": "Lindsay",
            "last_name": "Ferguson",
            "avatar": "https://reqres.in/img/faces/8-image.jpg"
        },
        {
            "id": 9,
            "email": "tobias.funke@reqres.in",
            "first_name": "Tobias",
            "last_name": "Funke",
            "avatar": "https://reqres.in/img/faces/9-image.jpg"
        },
        {
            "id": 10,
            "email": "byron.fields@reqres.in",
            "first_name": "Byron",
            "last_name": "Fields",
            "avatar": "https://reqres.in/img/faces/10-image.jpg"
        },
        {
            "id": 11,
            "email": "george.edwards@reqres.in",
            "first_name": "George",
            "last_name": "Edwards",
            "avatar": "https://reqres.in/img/faces/11-image.jpg"
        },
        {
            "id": 12,
            "email": "rachel.howell@reqres.in",
            "first_name": "Rachel",
            "last_name": "Howell",
            "avatar": "https://reqres.in/img/faces/12-image.jpg"
        }
    ],
    "support": {
        "url": "https://reqres.in/#support-heading",
        "text": "To keep ReqRes free, contributions towards server costs are appreciated!"
    }
}
]]></system-out>
  </testcase>
  <testcase name="checkSortedYears" classname="tests.API.ReqresTest" time="0.331">
    <system-out><![CDATA[HTTP/1.1 200 OK
Date: Tue, 23 Nov 2021 11:54:13 GMT
Content-Type: application/json; charset=utf-8
Transfer-Encoding: chunked
Connection: keep-alive
x-powered-by: Express
access-control-allow-origin: *
etag: W/"2c1-N6Rqerxquq2kgQhL51EiSg4x0R8"
via: 1.1 vegur
Cache-Control: max-age=14400
CF-Cache-Status: REVALIDATED
Expect-CT: max-age=604800, report-uri="https://report-uri.cloudflare.com/cdn-cgi/beacon/expect-ct"
Report-To: {"endpoints":[{"url":"https:\/\/a.nel.cloudflare.com\/report\/v3?s=Kjo%2FaFbySBE%2BKa2c2vXyor1GGeuT180ShLRQWl7E6VpZG9Lf2oFXTZrNaARa8wkioMoSR4gvOifFrOF42TrVCD6uCdoCSN2NE%2F2TuPA6vzkE1CgalafY28BCA7A%3D"}],"group":"cf-nel","max_age":604800}
NEL: {"success_fraction":0,"report_to":"cf-nel","max_age":604800}
Vary: Accept-Encoding
Server: cloudflare
CF-RAY: 6b2a3398895500a1-DME
Content-Encoding: gzip
alt-svc: h3=":443"; ma=86400, h3-29=":443"; ma=86400, h3-28=":443"; ma=86400, h3-27=":443"; ma=86400

{
    "page": 1,
    "per_page": 6,
    "total": 12,
    "total_pages": 2,
    "data": [
        {
            "id": 1,
            "name": "cerulean",
            "year": 2000,
            "color": "#98B2D1",
            "pantone_value": "15-4020"
        },
        {
            "id": 2,
            "name": "fuchsia rose",
            "year": 2001,
            "color": "#C74375",
            "pantone_value": "17-2031"
        },
        {
            "id": 3,
            "name": "true red",
            "year": 2002,
            "color": "#BF1932",
            "pantone_value": "19-1664"
        },
        {
            "id": 4,
            "name": "aqua sky",
            "year": 2003,
            "color": "#7BC4C4",
            "pantone_value": "14-4811"
        },
        {
            "id": 5,
            "name": "tigerlily",
            "year": 2004,
            "color": "#E2583E",
            "pantone_value": "17-1456"
        },
        {
            "id": 6,
            "name": "blue turquoise",
            "year": 2005,
            "color": "#53B0AE",
            "pantone_value": "15-5217"
        }
    ],
    "support": {
        "url": "https://reqres.in/#support-heading",
        "text": "To keep ReqRes free, contributions towards server costs are appreciated!"
    }
}
]]></system-out>
  </testcase>
  <testcase name="checkDeletingUser" classname="tests.API.ReqresTest" time="0.379">
    <system-out><![CDATA[HTTP/1.1 204 No Content
Date: Tue, 23 Nov 2021 11:54:13 GMT
Content-Length: 0
Connection: keep-alive
x-powered-by: Express
access-control-allow-origin: *
etag: W/"2-vyGp6PvFo4RvsFtPoIWeCReyIC8"
via: 1.1 vegur
CF-Cache-Status: DYNAMIC
Expect-CT: max-age=604800, report-uri="https://report-uri.cloudflare.com/cdn-cgi/beacon/expect-ct"
Report-To: {"endpoints":[{"url":"https:\/\/a.nel.cloudflare.com\/report\/v3?s=icEiF4sVBWubh%2BwFxm%2FoJYAllSXQ7FiTkAj9Nx7Q7aThz2Uw120GAnY5XlL9UafZkT3FUKck3j%2BnwcjaTg0Dlfn9y4lEkt2dV6eXspEP%2B52r%2BO3Q3Z3C2xpQLbM%3D"}],"group":"cf-nel","max_age":604800}
NEL: {"success_fraction":0,"report_to":"cf-nel","max_age":604800}
Server: cloudflare
CF-RAY: 6b2a339afd783a55-DME
alt-svc: h3=":443"; ma=86400, h3-29=":443"; ma=86400, h3-28=":443"; ma=86400, h3-27=":443"; ma=86400
]]></system-out>
  </testcase>
  <testcase name="checkUpdateUser" classname="tests.API.ReqresTest" time="0.263">
    <system-out><![CDATA[HTTP/1.1 200 OK
Date: Tue, 23 Nov 2021 11:54:14 GMT
Content-Type: application/json; charset=utf-8
Transfer-Encoding: chunked
Connection: keep-alive
x-powered-by: Express
access-control-allow-origin: *
etag: W/"50-l0oIVSwSp+mwTFRJ1fZoU0YfhK4"
via: 1.1 vegur
CF-Cache-Status: DYNAMIC
Expect-CT: max-age=604800, report-uri="https://report-uri.cloudflare.com/cdn-cgi/beacon/expect-ct"
Report-To: {"endpoints":[{"url":"https:\/\/a.nel.cloudflare.com\/report\/v3?s=Okb6mMQyFvaWmCv%2BVue%2FAXfzyzAyYdNUowVXhL3TOFsTvf3TcBwSGFQ%2FMNJTAs7V4zUGd%2BU78i6d98AV%2BZMuy9oEeAsUJKYEqMXvB8UC8ttgnarHQTvALcGA1W4%3D"}],"group":"cf-nel","max_age":604800}
NEL: {"success_fraction":0,"report_to":"cf-nel","max_age":604800}
Vary: Accept-Encoding
Server: cloudflare
CF-RAY: 6b2a339cdb714985-DME
Content-Encoding: gzip
alt-svc: h3=":443"; ma=86400, h3-29=":443"; ma=86400, h3-28=":443"; ma=86400, h3-27=":443"; ma=86400

{
    "name": "morpheus",
    "job": "zion resident",
    "updatedAt": "2021-11-23T11:54:13.996Z"
}
]]></system-out>
  </testcase>
  <testcase name="checkSingleUserNotFound" classname="tests.API.ReqresTest" time="0.294">
    <system-out><![CDATA[HTTP/1.1 204 No Content
Date: Tue, 23 Nov 2021 11:54:14 GMT
Content-Length: 0
Connection: keep-alive
x-powered-by: Express
access-control-allow-origin: *
etag: W/"2-vyGp6PvFo4RvsFtPoIWeCReyIC8"
via: 1.1 vegur
CF-Cache-Status: DYNAMIC
Expect-CT: max-age=604800, report-uri="https://report-uri.cloudflare.com/cdn-cgi/beacon/expect-ct"
Report-To: {"endpoints":[{"url":"https:\/\/a.nel.cloudflare.com\/report\/v3?s=SAY2uQuAO%2BnuXZbV5RnascXOIOE5PRVxlkiEbo5dprEzXGP5lzWjmyd%2BPTKuawTiGnXIFcEwYTG5G0kpoMS3RbgkBw0o59fPEZOHPIdaOq2j58t%2BMV8wqU%2FevvA%3D"}],"group":"cf-nel","max_age":604800}
NEL: {"success_fraction":0,"report_to":"cf-nel","max_age":604800}
Server: cloudflare
CF-RAY: 6b2a339ea94676ad-DME
alt-svc: h3=":443"; ma=86400, h3-29=":443"; ma=86400, h3-28=":443"; ma=86400, h3-27=":443"; ma=86400
]]></system-out>
  </testcase>
</testsuite>